{"C:\\Users\\USER\\Documents\\chatgpt_gemini_project\\gemini_version\\advanced-file-system\\client\\src\\App.js": {"path":"C:\\Users\\USER\\Documents\\chatgpt_gemini_project\\gemini_version\\advanced-file-system\\client\\src\\App.js","statementMap":{"0":{"start":{"line":12,"column":23},"end":{"line":22,"column":1}},"1":{"start":{"line":13,"column":22},"end":{"line":13,"column":45}},"2":{"start":{"line":16,"column":4},"end":{"line":18,"column":5}},"3":{"start":{"line":17,"column":8},"end":{"line":17,"column":48}},"4":{"start":{"line":21,"column":4},"end":{"line":21,"column":20}},"5":{"start":{"line":25,"column":4},"end":{"line":66,"column":6}}},"fnMap":{"0":{"name":"(anonymous_0)","decl":{"start":{"line":12,"column":23},"end":{"line":12,"column":24}},"loc":{"start":{"line":12,"column":41},"end":{"line":22,"column":1}},"line":12},"1":{"name":"App","decl":{"start":{"line":24,"column":9},"end":{"line":24,"column":12}},"loc":{"start":{"line":24,"column":15},"end":{"line":67,"column":1}},"line":24}},"branchMap":{"0":{"loc":{"start":{"line":16,"column":4},"end":{"line":18,"column":5}},"type":"if","locations":[{"start":{"line":16,"column":4},"end":{"line":18,"column":5}},{"start":{},"end":{}}],"line":16}},"s":{"0":0,"1":0,"2":0,"3":0,"4":0,"5":0},"f":{"0":0,"1":0},"b":{"0":[0,0]}}
,"C:\\Users\\USER\\Documents\\chatgpt_gemini_project\\gemini_version\\advanced-file-system\\client\\src\\index.js": {"path":"C:\\Users\\USER\\Documents\\chatgpt_gemini_project\\gemini_version\\advanced-file-system\\client\\src\\index.js","statementMap":{"0":{"start":{"line":6,"column":13},"end":{"line":6,"column":65}},"1":{"start":{"line":7,"column":0},"end":{"line":11,"column":2}}},"fnMap":{},"branchMap":{},"s":{"0":0,"1":0},"f":{},"b":{}}
,"C:\\Users\\USER\\Documents\\chatgpt_gemini_project\\gemini_version\\advanced-file-system\\client\\src\\api\\files.js": {"path":"C:\\Users\\USER\\Documents\\chatgpt_gemini_project\\gemini_version\\advanced-file-system\\client\\src\\api\\files.js","statementMap":{"0":{"start":{"line":4,"column":16},"end":{"line":4,"column":49}},"1":{"start":{"line":7,"column":27},"end":{"line":22,"column":1}},"2":{"start":{"line":8,"column":19},"end":{"line":17,"column":5}},"3":{"start":{"line":14,"column":29},"end":{"line":14,"column":73}},"4":{"start":{"line":15,"column":12},"end":{"line":15,"column":49}},"5":{"start":{"line":15,"column":28},"end":{"line":15,"column":49}},"6":{"start":{"line":20,"column":21},"end":{"line":20,"column":76}},"7":{"start":{"line":21,"column":4},"end":{"line":21,"column":25}},"8":{"start":{"line":25,"column":28},"end":{"line":32,"column":1}},"9":{"start":{"line":26,"column":19},"end":{"line":28,"column":5}},"10":{"start":{"line":30,"column":21},"end":{"line":30,"column":58}},"11":{"start":{"line":31,"column":4},"end":{"line":31,"column":25}},"12":{"start":{"line":35,"column":26},"end":{"line":42,"column":1}},"13":{"start":{"line":36,"column":19},"end":{"line":38,"column":5}},"14":{"start":{"line":40,"column":21},"end":{"line":40,"column":67}},"15":{"start":{"line":41,"column":4},"end":{"line":41,"column":25}}},"fnMap":{"0":{"name":"(anonymous_0)","decl":{"start":{"line":7,"column":27},"end":{"line":7,"column":28}},"loc":{"start":{"line":7,"column":66},"end":{"line":22,"column":1}},"line":7},"1":{"name":"(anonymous_1)","decl":{"start":{"line":13,"column":26},"end":{"line":13,"column":27}},"loc":{"start":{"line":13,"column":36},"end":{"line":16,"column":9}},"line":13},"2":{"name":"(anonymous_2)","decl":{"start":{"line":25,"column":28},"end":{"line":25,"column":29}},"loc":{"start":{"line":25,"column":45},"end":{"line":32,"column":1}},"line":25},"3":{"name":"(anonymous_3)","decl":{"start":{"line":35,"column":26},"end":{"line":35,"column":27}},"loc":{"start":{"line":35,"column":47},"end":{"line":42,"column":1}},"line":35}},"branchMap":{"0":{"loc":{"start":{"line":15,"column":12},"end":{"line":15,"column":49}},"type":"if","locations":[{"start":{"line":15,"column":12},"end":{"line":15,"column":49}},{"start":{},"end":{}}],"line":15}},"s":{"0":0,"1":0,"2":0,"3":0,"4":0,"5":0,"6":0,"7":0,"8":0,"9":0,"10":0,"11":0,"12":0,"13":0,"14":0,"15":0},"f":{"0":0,"1":0,"2":0,"3":0},"b":{"0":[0,0]}}
,"C:\\Users\\USER\\Documents\\chatgpt_gemini_project\\gemini_version\\advanced-file-system\\client\\src\\components\\BatchUpload.jsx": {"path":"C:\\Users\\USER\\Documents\\chatgpt_gemini_project\\gemini_version\\advanced-file-system\\client\\src\\components\\BatchUpload.jsx","statementMap":{"0":{"start":{"line":5,"column":20},"end":{"line":86,"column":1}},"1":{"start":{"line":6,"column":46},"end":{"line":6,"column":60}},"2":{"start":{"line":7,"column":38},"end":{"line":7,"column":53}},"3":{"start":{"line":8,"column":36},"end":{"line":8,"column":47}},"4":{"start":{"line":9,"column":34},"end":{"line":9,"column":48}},"5":{"start":{"line":10,"column":25},"end":{"line":10,"column":33}},"6":{"start":{"line":12,"column":25},"end":{"line":50,"column":5}},"7":{"start":{"line":13,"column":8},"end":{"line":13,"column":65}},"8":{"start":{"line":13,"column":58},"end":{"line":13,"column":65}},"9":{"start":{"line":15,"column":8},"end":{"line":15,"column":27}},"10":{"start":{"line":16,"column":8},"end":{"line":16,"column":25}},"11":{"start":{"line":17,"column":8},"end":{"line":17,"column":23}},"12":{"start":{"line":20,"column":27},"end":{"line":20,"column":52}},"13":{"start":{"line":21,"column":29},"end":{"line":21,"column":30}},"14":{"start":{"line":23,"column":28},"end":{"line":37,"column":10}},"15":{"start":{"line":24,"column":29},"end":{"line":24,"column":43}},"16":{"start":{"line":25,"column":12},"end":{"line":25,"column":43}},"17":{"start":{"line":27,"column":12},"end":{"line":36,"column":13}},"18":{"start":{"line":28,"column":16},"end":{"line":30,"column":19}},"19":{"start":{"line":31,"column":16},"end":{"line":31,"column":33}},"20":{"start":{"line":33,"column":16},"end":{"line":33,"column":84}},"21":{"start":{"line":35,"column":16},"end":{"line":35,"column":68}},"22":{"start":{"line":39,"column":8},"end":{"line":49,"column":9}},"23":{"start":{"line":40,"column":12},"end":{"line":40,"column":43}},"24":{"start":{"line":41,"column":12},"end":{"line":41,"column":85}},"25":{"start":{"line":42,"column":12},"end":{"line":42,"column":35}},"26":{"start":{"line":43,"column":12},"end":{"line":43,"column":70}},"27":{"start":{"line":43,"column":38},"end":{"line":43,"column":70}},"28":{"start":{"line":44,"column":12},"end":{"line":44,"column":51}},"29":{"start":{"line":44,"column":33},"end":{"line":44,"column":51}},"30":{"start":{"line":46,"column":12},"end":{"line":46,"column":71}},"31":{"start":{"line":48,"column":12},"end":{"line":48,"column":32}},"32":{"start":{"line":52,"column":4},"end":{"line":85,"column":6}},"33":{"start":{"line":60,"column":61},"end":{"line":60,"column":93}}},"fnMap":{"0":{"name":"(anonymous_0)","decl":{"start":{"line":5,"column":20},"end":{"line":5,"column":21}},"loc":{"start":{"line":5,"column":56},"end":{"line":86,"column":1}},"line":5},"1":{"name":"(anonymous_1)","decl":{"start":{"line":12,"column":25},"end":{"line":12,"column":26}},"loc":{"start":{"line":12,"column":37},"end":{"line":50,"column":5}},"line":12},"2":{"name":"(anonymous_2)","decl":{"start":{"line":23,"column":43},"end":{"line":23,"column":44}},"loc":{"start":{"line":23,"column":59},"end":{"line":37,"column":9}},"line":23},"3":{"name":"(anonymous_3)","decl":{"start":{"line":60,"column":54},"end":{"line":60,"column":55}},"loc":{"start":{"line":60,"column":61},"end":{"line":60,"column":93}},"line":60}},"branchMap":{"0":{"loc":{"start":{"line":13,"column":8},"end":{"line":13,"column":65}},"type":"if","locations":[{"start":{"line":13,"column":8},"end":{"line":13,"column":65}},{"start":{},"end":{}}],"line":13},"1":{"loc":{"start":{"line":13,"column":12},"end":{"line":13,"column":56}},"type":"binary-expr","locations":[{"start":{"line":13,"column":12},"end":{"line":13,"column":26}},{"start":{"line":13,"column":30},"end":{"line":13,"column":56}}],"line":13},"2":{"loc":{"start":{"line":43,"column":12},"end":{"line":43,"column":70}},"type":"if","locations":[{"start":{"line":43,"column":12},"end":{"line":43,"column":70}},{"start":{},"end":{}}],"line":43},"3":{"loc":{"start":{"line":44,"column":12},"end":{"line":44,"column":51}},"type":"if","locations":[{"start":{"line":44,"column":12},"end":{"line":44,"column":51}},{"start":{},"end":{}}],"line":44},"4":{"loc":{"start":{"line":62,"column":54},"end":{"line":62,"column":132}},"type":"cond-expr","locations":[{"start":{"line":62,"column":70},"end":{"line":62,"column":110}},{"start":{"line":62,"column":113},"end":{"line":62,"column":132}}],"line":62},"5":{"loc":{"start":{"line":67,"column":13},"end":{"line":77,"column":13}},"type":"binary-expr","locations":[{"start":{"line":67,"column":13},"end":{"line":67,"column":22}},{"start":{"line":68,"column":16},"end":{"line":76,"column":22}}],"line":67},"6":{"loc":{"start":{"line":79,"column":53},"end":{"line":79,"column":80}},"type":"binary-expr","locations":[{"start":{"line":79,"column":53},"end":{"line":79,"column":67}},{"start":{"line":79,"column":71},"end":{"line":79,"column":80}}],"line":79},"7":{"loc":{"start":{"line":79,"column":145},"end":{"line":79,"column":234}},"type":"cond-expr","locations":[{"start":{"line":79,"column":175},"end":{"line":79,"column":189}},{"start":{"line":79,"column":192},"end":{"line":79,"column":234}}],"line":79},"8":{"loc":{"start":{"line":79,"column":145},"end":{"line":79,"column":172}},"type":"binary-expr","locations":[{"start":{"line":79,"column":145},"end":{"line":79,"column":159}},{"start":{"line":79,"column":163},"end":{"line":79,"column":172}}],"line":79},"9":{"loc":{"start":{"line":80,"column":17},"end":{"line":80,"column":68}},"type":"cond-expr","locations":[{"start":{"line":80,"column":29},"end":{"line":80,"column":43}},{"start":{"line":80,"column":46},"end":{"line":80,"column":68}}],"line":80},"10":{"loc":{"start":{"line":83,"column":13},"end":{"line":83,"column":187}},"type":"binary-expr","locations":[{"start":{"line":83,"column":13},"end":{"line":83,"column":20}},{"start":{"line":83,"column":24},"end":{"line":83,"column":187}}],"line":83},"11":{"loc":{"start":{"line":83,"column":71},"end":{"line":83,"column":163}},"type":"cond-expr","locations":[{"start":{"line":83,"column":100},"end":{"line":83,"column":132}},{"start":{"line":83,"column":135},"end":{"line":83,"column":163}}],"line":83}},"s":{"0":0,"1":0,"2":0,"3":0,"4":0,"5":0,"6":0,"7":0,"8":0,"9":0,"10":0,"11":0,"12":0,"13":0,"14":0,"15":0,"16":0,"17":0,"18":0,"19":0,"20":0,"21":0,"22":0,"23":0,"24":0,"25":0,"26":0,"27":0,"28":0,"29":0,"30":0,"31":0,"32":0,"33":0},"f":{"0":0,"1":0,"2":0,"3":0},"b":{"0":[0,0],"1":[0,0],"2":[0,0],"3":[0,0],"4":[0,0],"5":[0,0],"6":[0,0],"7":[0,0],"8":[0,0],"9":[0,0],"10":[0,0],"11":[0,0]}}
,"C:\\Users\\USER\\Documents\\chatgpt_gemini_project\\gemini_version\\advanced-file-system\\client\\src\\components\\FileGallery.jsx": {"path":"C:\\Users\\USER\\Documents\\chatgpt_gemini_project\\gemini_version\\advanced-file-system\\client\\src\\components\\FileGallery.jsx","statementMap":{"0":{"start":{"line":7,"column":20},"end":{"line":129,"column":1}},"1":{"start":{"line":8,"column":30},"end":{"line":8,"column":42}},"2":{"start":{"line":9,"column":34},"end":{"line":9,"column":48}},"3":{"start":{"line":11,"column":23},"end":{"line":20,"column":5}},"4":{"start":{"line":12,"column":8},"end":{"line":19,"column":9}},"5":{"start":{"line":13,"column":24},"end":{"line":13,"column":47}},"6":{"start":{"line":14,"column":12},"end":{"line":14,"column":31}},"7":{"start":{"line":16,"column":12},"end":{"line":16,"column":31}},"8":{"start":{"line":18,"column":12},"end":{"line":18,"column":30}},"9":{"start":{"line":22,"column":4},"end":{"line":24,"column":11}},"10":{"start":{"line":23,"column":8},"end":{"line":23,"column":21}},"11":{"start":{"line":26,"column":25},"end":{"line":35,"column":5}},"12":{"start":{"line":27,"column":8},"end":{"line":27,"column":90}},"13":{"start":{"line":27,"column":83},"end":{"line":27,"column":90}},"14":{"start":{"line":28,"column":8},"end":{"line":34,"column":9}},"15":{"start":{"line":29,"column":12},"end":{"line":29,"column":45}},"16":{"start":{"line":30,"column":12},"end":{"line":30,"column":60}},"17":{"start":{"line":30,"column":42},"end":{"line":30,"column":57}},"18":{"start":{"line":31,"column":12},"end":{"line":31,"column":55}},"19":{"start":{"line":33,"column":12},"end":{"line":33,"column":44}},"20":{"start":{"line":38,"column":23},"end":{"line":44,"column":5}},"21":{"start":{"line":39,"column":8},"end":{"line":39,"column":38}},"22":{"start":{"line":39,"column":25},"end":{"line":39,"column":38}},"23":{"start":{"line":40,"column":18},"end":{"line":40,"column":22}},"24":{"start":{"line":41,"column":22},"end":{"line":41,"column":45}},"25":{"start":{"line":42,"column":18},"end":{"line":42,"column":59}},"26":{"start":{"line":43,"column":8},"end":{"line":43,"column":80}},"27":{"start":{"line":46,"column":4},"end":{"line":46,"column":112}},"28":{"start":{"line":46,"column":17},"end":{"line":46,"column":112}},"29":{"start":{"line":48,"column":4},"end":{"line":128,"column":6}},"30":{"start":{"line":66,"column":24},"end":{"line":123,"column":37}},"31":{"start":{"line":101,"column":55},"end":{"line":101,"column":77}}},"fnMap":{"0":{"name":"(anonymous_0)","decl":{"start":{"line":7,"column":20},"end":{"line":7,"column":21}},"loc":{"start":{"line":7,"column":26},"end":{"line":129,"column":1}},"line":7},"1":{"name":"(anonymous_1)","decl":{"start":{"line":11,"column":23},"end":{"line":11,"column":24}},"loc":{"start":{"line":11,"column":35},"end":{"line":20,"column":5}},"line":11},"2":{"name":"(anonymous_2)","decl":{"start":{"line":22,"column":14},"end":{"line":22,"column":15}},"loc":{"start":{"line":22,"column":20},"end":{"line":24,"column":5}},"line":22},"3":{"name":"(anonymous_3)","decl":{"start":{"line":26,"column":25},"end":{"line":26,"column":26}},"loc":{"start":{"line":26,"column":39},"end":{"line":35,"column":5}},"line":26},"4":{"name":"(anonymous_4)","decl":{"start":{"line":30,"column":34},"end":{"line":30,"column":35}},"loc":{"start":{"line":30,"column":42},"end":{"line":30,"column":57}},"line":30},"5":{"name":"(anonymous_5)","decl":{"start":{"line":38,"column":23},"end":{"line":38,"column":24}},"loc":{"start":{"line":38,"column":34},"end":{"line":44,"column":5}},"line":38},"6":{"name":"(anonymous_6)","decl":{"start":{"line":65,"column":31},"end":{"line":65,"column":32}},"loc":{"start":{"line":66,"column":24},"end":{"line":123,"column":37}},"line":66},"7":{"name":"(anonymous_7)","decl":{"start":{"line":101,"column":49},"end":{"line":101,"column":50}},"loc":{"start":{"line":101,"column":55},"end":{"line":101,"column":77}},"line":101}},"branchMap":{"0":{"loc":{"start":{"line":27,"column":8},"end":{"line":27,"column":90}},"type":"if","locations":[{"start":{"line":27,"column":8},"end":{"line":27,"column":90}},{"start":{},"end":{}}],"line":27},"1":{"loc":{"start":{"line":39,"column":8},"end":{"line":39,"column":38}},"type":"if","locations":[{"start":{"line":39,"column":8},"end":{"line":39,"column":38}},{"start":{},"end":{}}],"line":39},"2":{"loc":{"start":{"line":46,"column":4},"end":{"line":46,"column":112}},"type":"if","locations":[{"start":{"line":46,"column":4},"end":{"line":46,"column":112}},{"start":{},"end":{}}],"line":46},"3":{"loc":{"start":{"line":59,"column":13},"end":{"line":126,"column":13}},"type":"cond-expr","locations":[{"start":{"line":60,"column":16},"end":{"line":62,"column":22}},{"start":{"line":64,"column":16},"end":{"line":125,"column":22}}],"line":59},"4":{"loc":{"start":{"line":77,"column":33},"end":{"line":87,"column":33}},"type":"cond-expr","locations":[{"start":{"line":78,"column":36},"end":{"line":84,"column":38}},{"start":{"line":86,"column":36},"end":{"line":86,"column":129}}],"line":77}},"s":{"0":0,"1":0,"2":0,"3":0,"4":0,"5":0,"6":0,"7":0,"8":0,"9":0,"10":0,"11":0,"12":0,"13":0,"14":0,"15":0,"16":0,"17":0,"18":0,"19":0,"20":0,"21":0,"22":0,"23":0,"24":0,"25":0,"26":0,"27":0,"28":0,"29":0,"30":0,"31":0},"f":{"0":0,"1":0,"2":0,"3":0,"4":0,"5":0,"6":0,"7":0},"b":{"0":[0,0],"1":[0,0],"2":[0,0],"3":[0,0],"4":[0,0]}}
,"C:\\Users\\USER\\Documents\\chatgpt_gemini_project\\gemini_version\\advanced-file-system\\client\\src\\components\\FileList.jsx": {"path":"C:\\Users\\USER\\Documents\\chatgpt_gemini_project\\gemini_version\\advanced-file-system\\client\\src\\components\\FileList.jsx","statementMap":{"0":{"start":{"line":9,"column":17},"end":{"line":179,"column":1}},"1":{"start":{"line":10,"column":30},"end":{"line":10,"column":42}},"2":{"start":{"line":11,"column":32},"end":{"line":11,"column":47}},"3":{"start":{"line":12,"column":40},"end":{"line":12,"column":52}},"4":{"start":{"line":13,"column":34},"end":{"line":13,"column":48}},"5":{"start":{"line":14,"column":44},"end":{"line":14,"column":58}},"6":{"start":{"line":16,"column":4},"end":{"line":30,"column":32}},"7":{"start":{"line":17,"column":27},"end":{"line":28,"column":9}},"8":{"start":{"line":18,"column":12},"end":{"line":27,"column":13}},"9":{"start":{"line":19,"column":28},"end":{"line":21,"column":18}},"10":{"start":{"line":22,"column":16},"end":{"line":22,"column":35}},"11":{"start":{"line":24,"column":16},"end":{"line":24,"column":59}},"12":{"start":{"line":26,"column":16},"end":{"line":26,"column":34}},"13":{"start":{"line":29,"column":8},"end":{"line":29,"column":32}},"14":{"start":{"line":29,"column":19},"end":{"line":29,"column":32}},"15":{"start":{"line":32,"column":28},"end":{"line":39,"column":5}},"16":{"start":{"line":33,"column":21},"end":{"line":33,"column":76}},"17":{"start":{"line":34,"column":21},"end":{"line":34,"column":77}},"18":{"start":{"line":35,"column":8},"end":{"line":35,"column":98}},"19":{"start":{"line":35,"column":83},"end":{"line":35,"column":98}},"20":{"start":{"line":36,"column":8},"end":{"line":36,"column":88}},"21":{"start":{"line":36,"column":73},"end":{"line":36,"column":88}},"22":{"start":{"line":37,"column":8},"end":{"line":37,"column":77}},"23":{"start":{"line":37,"column":59},"end":{"line":37,"column":77}},"24":{"start":{"line":38,"column":8},"end":{"line":38,"column":23}},"25":{"start":{"line":41,"column":25},"end":{"line":49,"column":5}},"26":{"start":{"line":42,"column":8},"end":{"line":42,"column":65}},"27":{"start":{"line":42,"column":58},"end":{"line":42,"column":65}},"28":{"start":{"line":43,"column":8},"end":{"line":48,"column":64}},"29":{"start":{"line":44,"column":12},"end":{"line":46,"column":15}},"30":{"start":{"line":47,"column":12},"end":{"line":47,"column":54}},"31":{"start":{"line":47,"column":39},"end":{"line":47,"column":51}},"32":{"start":{"line":48,"column":22},"end":{"line":48,"column":62}},"33":{"start":{"line":51,"column":26},"end":{"line":56,"column":6}},"34":{"start":{"line":52,"column":27},"end":{"line":52,"column":76}},"35":{"start":{"line":53,"column":25},"end":{"line":53,"column":75}},"36":{"start":{"line":54,"column":30},"end":{"line":54,"column":73}},"37":{"start":{"line":55,"column":8},"end":{"line":55,"column":43}},"38":{"start":{"line":58,"column":4},"end":{"line":64,"column":6}},"39":{"start":{"line":58,"column":17},"end":{"line":64,"column":6}},"40":{"start":{"line":61,"column":16},"end":{"line":61,"column":114}},"41":{"start":{"line":66,"column":4},"end":{"line":178,"column":6}},"42":{"start":{"line":76,"column":41},"end":{"line":76,"column":70}},"43":{"start":{"line":82,"column":24},"end":{"line":89,"column":33}},"44":{"start":{"line":84,"column":43},"end":{"line":84,"column":55}},"45":{"start":{"line":97,"column":37},"end":{"line":97,"column":58}},"46":{"start":{"line":98,"column":36},"end":{"line":98,"column":56}},"47":{"start":{"line":99,"column":36},"end":{"line":99,"column":56}},"48":{"start":{"line":101,"column":20},"end":{"line":133,"column":22}},"49":{"start":{"line":105,"column":47},"end":{"line":105,"column":92}},"50":{"start":{"line":124,"column":62},"end":{"line":124,"column":82}},"51":{"start":{"line":124,"column":83},"end":{"line":124,"column":106}},"52":{"start":{"line":125,"column":117},"end":{"line":125,"column":136}},"53":{"start":{"line":143,"column":39},"end":{"line":143,"column":60}},"54":{"start":{"line":150,"column":44},"end":{"line":150,"column":63}}},"fnMap":{"0":{"name":"(anonymous_0)","decl":{"start":{"line":9,"column":17},"end":{"line":9,"column":18}},"loc":{"start":{"line":9,"column":48},"end":{"line":179,"column":1}},"line":9},"1":{"name":"(anonymous_1)","decl":{"start":{"line":16,"column":14},"end":{"line":16,"column":15}},"loc":{"start":{"line":16,"column":20},"end":{"line":30,"column":5}},"line":16},"2":{"name":"(anonymous_2)","decl":{"start":{"line":17,"column":27},"end":{"line":17,"column":28}},"loc":{"start":{"line":17,"column":39},"end":{"line":28,"column":9}},"line":17},"3":{"name":"(anonymous_3)","decl":{"start":{"line":32,"column":28},"end":{"line":32,"column":29}},"loc":{"start":{"line":32,"column":38},"end":{"line":39,"column":5}},"line":32},"4":{"name":"(anonymous_4)","decl":{"start":{"line":41,"column":25},"end":{"line":41,"column":26}},"loc":{"start":{"line":41,"column":39},"end":{"line":49,"column":5}},"line":41},"5":{"name":"(anonymous_5)","decl":{"start":{"line":47,"column":34},"end":{"line":47,"column":35}},"loc":{"start":{"line":47,"column":39},"end":{"line":47,"column":51}},"line":47},"6":{"name":"(anonymous_6)","decl":{"start":{"line":51,"column":39},"end":{"line":51,"column":40}},"loc":{"start":{"line":51,"column":44},"end":{"line":56,"column":5}},"line":51},"7":{"name":"(anonymous_7)","decl":{"start":{"line":60,"column":30},"end":{"line":60,"column":31}},"loc":{"start":{"line":61,"column":16},"end":{"line":61,"column":114}},"line":61},"8":{"name":"(anonymous_8)","decl":{"start":{"line":76,"column":34},"end":{"line":76,"column":35}},"loc":{"start":{"line":76,"column":41},"end":{"line":76,"column":70}},"line":76},"9":{"name":"(anonymous_9)","decl":{"start":{"line":81,"column":72},"end":{"line":81,"column":73}},"loc":{"start":{"line":82,"column":24},"end":{"line":89,"column":33}},"line":82},"10":{"name":"(anonymous_10)","decl":{"start":{"line":84,"column":37},"end":{"line":84,"column":38}},"loc":{"start":{"line":84,"column":43},"end":{"line":84,"column":55}},"line":84},"11":{"name":"(anonymous_11)","decl":{"start":{"line":96,"column":35},"end":{"line":96,"column":36}},"loc":{"start":{"line":96,"column":43},"end":{"line":134,"column":17}},"line":96},"12":{"name":"(anonymous_12)","decl":{"start":{"line":105,"column":41},"end":{"line":105,"column":42}},"loc":{"start":{"line":105,"column":47},"end":{"line":105,"column":92}},"line":105},"13":{"name":"(anonymous_13)","decl":{"start":{"line":124,"column":53},"end":{"line":124,"column":54}},"loc":{"start":{"line":124,"column":60},"end":{"line":124,"column":108}},"line":124},"14":{"name":"(anonymous_14)","decl":{"start":{"line":125,"column":110},"end":{"line":125,"column":111}},"loc":{"start":{"line":125,"column":117},"end":{"line":125,"column":136}},"line":125},"15":{"name":"(anonymous_15)","decl":{"start":{"line":143,"column":33},"end":{"line":143,"column":34}},"loc":{"start":{"line":143,"column":39},"end":{"line":143,"column":60}},"line":143},"16":{"name":"(anonymous_16)","decl":{"start":{"line":150,"column":37},"end":{"line":150,"column":38}},"loc":{"start":{"line":150,"column":44},"end":{"line":150,"column":63}},"line":150}},"branchMap":{"0":{"loc":{"start":{"line":29,"column":8},"end":{"line":29,"column":32}},"type":"if","locations":[{"start":{"line":29,"column":8},"end":{"line":29,"column":32}},{"start":{},"end":{}}],"line":29},"1":{"loc":{"start":{"line":33,"column":22},"end":{"line":33,"column":61}},"type":"binary-expr","locations":[{"start":{"line":33,"column":22},"end":{"line":33,"column":35}},{"start":{"line":33,"column":39},"end":{"line":33,"column":55}},{"start":{"line":33,"column":59},"end":{"line":33,"column":61}}],"line":33},"2":{"loc":{"start":{"line":34,"column":22},"end":{"line":34,"column":62}},"type":"binary-expr","locations":[{"start":{"line":34,"column":22},"end":{"line":34,"column":39}},{"start":{"line":34,"column":43},"end":{"line":34,"column":56}},{"start":{"line":34,"column":60},"end":{"line":34,"column":62}}],"line":34},"3":{"loc":{"start":{"line":35,"column":8},"end":{"line":35,"column":98}},"type":"if","locations":[{"start":{"line":35,"column":8},"end":{"line":35,"column":98}},{"start":{},"end":{}}],"line":35},"4":{"loc":{"start":{"line":35,"column":12},"end":{"line":35,"column":81}},"type":"binary-expr","locations":[{"start":{"line":35,"column":12},"end":{"line":35,"column":37}},{"start":{"line":35,"column":41},"end":{"line":35,"column":81}}],"line":35},"5":{"loc":{"start":{"line":36,"column":8},"end":{"line":36,"column":88}},"type":"if","locations":[{"start":{"line":36,"column":8},"end":{"line":36,"column":88}},{"start":{},"end":{}}],"line":36},"6":{"loc":{"start":{"line":36,"column":12},"end":{"line":36,"column":71}},"type":"binary-expr","locations":[{"start":{"line":36,"column":12},"end":{"line":36,"column":37}},{"start":{"line":36,"column":41},"end":{"line":36,"column":71}}],"line":36},"7":{"loc":{"start":{"line":37,"column":8},"end":{"line":37,"column":77}},"type":"if","locations":[{"start":{"line":37,"column":8},"end":{"line":37,"column":77}},{"start":{},"end":{}}],"line":37},"8":{"loc":{"start":{"line":37,"column":12},"end":{"line":37,"column":57}},"type":"binary-expr","locations":[{"start":{"line":37,"column":12},"end":{"line":37,"column":32}},{"start":{"line":37,"column":36},"end":{"line":37,"column":57}}],"line":37},"9":{"loc":{"start":{"line":42,"column":8},"end":{"line":42,"column":65}},"type":"if","locations":[{"start":{"line":42,"column":8},"end":{"line":42,"column":65}},{"start":{},"end":{}}],"line":42},"10":{"loc":{"start":{"line":52,"column":27},"end":{"line":52,"column":76}},"type":"binary-expr","locations":[{"start":{"line":52,"column":27},"end":{"line":52,"column":43}},{"start":{"line":52,"column":47},"end":{"line":52,"column":76}}],"line":52},"11":{"loc":{"start":{"line":53,"column":26},"end":{"line":53,"column":60}},"type":"binary-expr","locations":[{"start":{"line":53,"column":26},"end":{"line":53,"column":40}},{"start":{"line":53,"column":44},"end":{"line":53,"column":54}},{"start":{"line":53,"column":58},"end":{"line":53,"column":60}}],"line":53},"12":{"loc":{"start":{"line":55,"column":15},"end":{"line":55,"column":42}},"type":"binary-expr","locations":[{"start":{"line":55,"column":15},"end":{"line":55,"column":25}},{"start":{"line":55,"column":29},"end":{"line":55,"column":42}}],"line":55},"13":{"loc":{"start":{"line":58,"column":4},"end":{"line":64,"column":6}},"type":"if","locations":[{"start":{"line":58,"column":4},"end":{"line":64,"column":6}},{"start":{},"end":{}}],"line":58},"14":{"loc":{"start":{"line":85,"column":103},"end":{"line":85,"column":207}},"type":"cond-expr","locations":[{"start":{"line":85,"column":118},"end":{"line":85,"column":158}},{"start":{"line":85,"column":161},"end":{"line":85,"column":207}}],"line":85},"15":{"loc":{"start":{"line":105,"column":47},"end":{"line":105,"column":92}},"type":"binary-expr","locations":[{"start":{"line":105,"column":48},"end":{"line":105,"column":55}},{"start":{"line":105,"column":59},"end":{"line":105,"column":66}},{"start":{"line":105,"column":71},"end":{"line":105,"column":92}}],"line":105},"16":{"loc":{"start":{"line":107,"column":33},"end":{"line":121,"column":33}},"type":"cond-expr","locations":[{"start":{"line":108,"column":36},"end":{"line":113,"column":38}},{"start":{"line":114,"column":36},"end":{"line":121,"column":33}}],"line":107},"17":{"loc":{"start":{"line":114,"column":36},"end":{"line":121,"column":33}},"type":"cond-expr","locations":[{"start":{"line":115,"column":36},"end":{"line":118,"column":42}},{"start":{"line":120,"column":36},"end":{"line":120,"column":85}}],"line":114},"18":{"loc":{"start":{"line":130,"column":92},"end":{"line":130,"column":126}},"type":"binary-expr","locations":[{"start":{"line":130,"column":92},"end":{"line":130,"column":109}},{"start":{"line":130,"column":113},"end":{"line":130,"column":126}}],"line":130},"19":{"loc":{"start":{"line":139,"column":17},"end":{"line":175,"column":17}},"type":"binary-expr","locations":[{"start":{"line":139,"column":17},"end":{"line":139,"column":29}},{"start":{"line":140,"column":20},"end":{"line":174,"column":33}}],"line":139},"20":{"loc":{"start":{"line":152,"column":29},"end":{"line":167,"column":29}},"type":"cond-expr","locations":[{"start":{"line":153,"column":32},"end":{"line":157,"column":34}},{"start":{"line":159,"column":32},"end":{"line":166,"column":40}}],"line":152},"21":{"loc":{"start":{"line":164,"column":110},"end":{"line":164,"column":159}},"type":"binary-expr","locations":[{"start":{"line":164,"column":110},"end":{"line":164,"column":134}},{"start":{"line":164,"column":138},"end":{"line":164,"column":159}}],"line":164},"22":{"loc":{"start":{"line":170,"column":70},"end":{"line":170,"column":120}},"type":"binary-expr","locations":[{"start":{"line":170,"column":70},"end":{"line":170,"column":95}},{"start":{"line":170,"column":99},"end":{"line":170,"column":120}}],"line":170},"23":{"loc":{"start":{"line":171,"column":96},"end":{"line":171,"column":145}},"type":"binary-expr","locations":[{"start":{"line":171,"column":96},"end":{"line":171,"column":120}},{"start":{"line":171,"column":124},"end":{"line":171,"column":145}}],"line":171}},"s":{"0":1,"1":9,"2":9,"3":9,"4":9,"5":9,"6":9,"7":3,"8":3,"9":3,"10":3,"11":0,"12":3,"13":3,"14":3,"15":9,"16":9,"17":9,"18":9,"19":3,"20":6,"21":3,"22":3,"23":0,"24":3,"25":9,"26":1,"27":0,"28":1,"29":1,"30":1,"31":2,"32":0,"33":9,"34":9,"35":9,"36":9,"37":9,"38":9,"39":3,"40":12,"41":6,"42":1,"43":30,"44":1,"45":8,"46":8,"47":8,"48":8,"49":0,"50":1,"51":1,"52":0,"53":0,"54":0},"f":{"0":9,"1":3,"2":3,"3":9,"4":1,"5":2,"6":9,"7":12,"8":1,"9":30,"10":1,"11":8,"12":0,"13":1,"14":0,"15":0,"16":0},"b":{"0":[3,0],"1":[9,0,0],"2":[9,0,0],"3":[3,6],"4":[9,6],"5":[3,3],"6":[6,3],"7":[0,3],"8":[3,3],"9":[0,1],"10":[9,1],"11":[9,0,0],"12":[9,9],"13":[3,6],"14":[6,24],"15":[0,0,0],"16":[3,5],"17":[3,2],"18":[8,0],"19":[6,0],"20":[0,0],"21":[0,0],"22":[0,0],"23":[0,0]},"_coverageSchema":"1a1c01bbd47fc00a2c39e90264f33305004495a9","hash":"ec71014f13dae02d79ac56808f9f13ec20893514"}
,"C:\\Users\\USER\\Documents\\chatgpt_gemini_project\\gemini_version\\advanced-file-system\\client\\src\\components\\FileUpload.jsx": {"path":"C:\\Users\\USER\\Documents\\chatgpt_gemini_project\\gemini_version\\advanced-file-system\\client\\src\\components\\FileUpload.jsx","statementMap":{"0":{"start":{"line":8,"column":19},"end":{"line":197,"column":1}},"1":{"start":{"line":9,"column":30},"end":{"line":9,"column":42}},"2":{"start":{"line":10,"column":34},"end":{"line":10,"column":49}},"3":{"start":{"line":11,"column":36},"end":{"line":11,"column":47}},"4":{"start":{"line":12,"column":46},"end":{"line":12,"column":57}},"5":{"start":{"line":14,"column":19},"end":{"line":20,"column":10}},"6":{"start":{"line":15,"column":8},"end":{"line":19,"column":9}},"7":{"start":{"line":16,"column":12},"end":{"line":16,"column":60}},"8":{"start":{"line":16,"column":31},"end":{"line":16,"column":58}},"9":{"start":{"line":17,"column":12},"end":{"line":17,"column":32}},"10":{"start":{"line":18,"column":12},"end":{"line":18,"column":27}},"11":{"start":{"line":22,"column":23},"end":{"line":24,"column":5}},"12":{"start":{"line":23,"column":8},"end":{"line":23,"column":70}},"13":{"start":{"line":23,"column":44},"end":{"line":23,"column":67}},"14":{"start":{"line":26,"column":58},"end":{"line":29,"column":6}},"15":{"start":{"line":31,"column":25},"end":{"line":67,"column":5}},"16":{"start":{"line":32,"column":8},"end":{"line":32,"column":27}},"17":{"start":{"line":33,"column":8},"end":{"line":33,"column":85}},"18":{"start":{"line":33,"column":32},"end":{"line":33,"column":85}},"19":{"start":{"line":35,"column":8},"end":{"line":35,"column":25}},"20":{"start":{"line":36,"column":8},"end":{"line":36,"column":23}},"21":{"start":{"line":37,"column":8},"end":{"line":37,"column":28}},"22":{"start":{"line":39,"column":25},"end":{"line":39,"column":39}},"23":{"start":{"line":40,"column":8},"end":{"line":42,"column":11}},"24":{"start":{"line":41,"column":12},"end":{"line":41,"column":43}},"25":{"start":{"line":44,"column":8},"end":{"line":66,"column":9}},"26":{"start":{"line":46,"column":24},"end":{"line":54,"column":14}},"27":{"start":{"line":51,"column":36},"end":{"line":51,"column":80}},"28":{"start":{"line":52,"column":20},"end":{"line":52,"column":41}},"29":{"start":{"line":56,"column":12},"end":{"line":56,"column":74}},"30":{"start":{"line":57,"column":12},"end":{"line":57,"column":45}},"31":{"start":{"line":58,"column":12},"end":{"line":58,"column":25}},"32":{"start":{"line":60,"column":12},"end":{"line":60,"column":31}},"33":{"start":{"line":61,"column":12},"end":{"line":61,"column":43}},"34":{"start":{"line":63,"column":12},"end":{"line":63,"column":30}},"35":{"start":{"line":65,"column":12},"end":{"line":65,"column":51}},"36":{"start":{"line":65,"column":29},"end":{"line":65,"column":43}},"37":{"start":{"line":69,"column":4},"end":{"line":196,"column":6}},"38":{"start":{"line":121,"column":36},"end":{"line":132,"column":42}},"39":{"start":{"line":127,"column":62},"end":{"line":127,"column":82}},"40":{"start":{"line":127,"column":83},"end":{"line":127,"column":101}}},"fnMap":{"0":{"name":"(anonymous_0)","decl":{"start":{"line":8,"column":19},"end":{"line":8,"column":20}},"loc":{"start":{"line":8,"column":25},"end":{"line":197,"column":1}},"line":8},"1":{"name":"(anonymous_1)","decl":{"start":{"line":14,"column":31},"end":{"line":14,"column":32}},"loc":{"start":{"line":14,"column":50},"end":{"line":20,"column":5}},"line":14},"2":{"name":"(anonymous_2)","decl":{"start":{"line":16,"column":21},"end":{"line":16,"column":22}},"loc":{"start":{"line":16,"column":31},"end":{"line":16,"column":58}},"line":16},"3":{"name":"(anonymous_3)","decl":{"start":{"line":22,"column":23},"end":{"line":22,"column":24}},"loc":{"start":{"line":22,"column":42},"end":{"line":24,"column":5}},"line":22},"4":{"name":"(anonymous_4)","decl":{"start":{"line":23,"column":30},"end":{"line":23,"column":31}},"loc":{"start":{"line":23,"column":44},"end":{"line":23,"column":67}},"line":23},"5":{"name":"(anonymous_5)","decl":{"start":{"line":31,"column":25},"end":{"line":31,"column":26}},"loc":{"start":{"line":31,"column":38},"end":{"line":67,"column":5}},"line":31},"6":{"name":"(anonymous_6)","decl":{"start":{"line":40,"column":22},"end":{"line":40,"column":23}},"loc":{"start":{"line":40,"column":32},"end":{"line":42,"column":9}},"line":40},"7":{"name":"(anonymous_7)","decl":{"start":{"line":50,"column":34},"end":{"line":50,"column":35}},"loc":{"start":{"line":50,"column":44},"end":{"line":53,"column":17}},"line":50},"8":{"name":"(anonymous_8)","decl":{"start":{"line":65,"column":23},"end":{"line":65,"column":24}},"loc":{"start":{"line":65,"column":29},"end":{"line":65,"column":43}},"line":65},"9":{"name":"(anonymous_9)","decl":{"start":{"line":120,"column":43},"end":{"line":120,"column":44}},"loc":{"start":{"line":121,"column":36},"end":{"line":132,"column":42}},"line":121},"10":{"name":"(anonymous_10)","decl":{"start":{"line":127,"column":53},"end":{"line":127,"column":54}},"loc":{"start":{"line":127,"column":60},"end":{"line":127,"column":103}},"line":127}},"branchMap":{"0":{"loc":{"start":{"line":15,"column":8},"end":{"line":19,"column":9}},"type":"if","locations":[{"start":{"line":15,"column":8},"end":{"line":19,"column":9}},{"start":{},"end":{}}],"line":15},"1":{"loc":{"start":{"line":33,"column":8},"end":{"line":33,"column":85}},"type":"if","locations":[{"start":{"line":33,"column":8},"end":{"line":33,"column":85}},{"start":{},"end":{}}],"line":33},"2":{"loc":{"start":{"line":75,"column":12},"end":{"line":75,"column":122}},"type":"cond-expr","locations":[{"start":{"line":75,"column":27},"end":{"line":75,"column":52}},{"start":{"line":75,"column":55},"end":{"line":75,"column":122}}],"line":75},"3":{"loc":{"start":{"line":85,"column":18},"end":{"line":87,"column":100}},"type":"cond-expr","locations":[{"start":{"line":86,"column":38},"end":{"line":86,"column":82}},{"start":{"line":87,"column":38},"end":{"line":87,"column":100}}],"line":85},"4":{"loc":{"start":{"line":94,"column":41},"end":{"line":94,"column":85}},"type":"cond-expr","locations":[{"start":{"line":94,"column":56},"end":{"line":94,"column":70}},{"start":{"line":94,"column":73},"end":{"line":94,"column":85}}],"line":94},"5":{"loc":{"start":{"line":97,"column":33},"end":{"line":97,"column":181}},"type":"cond-expr","locations":[{"start":{"line":97,"column":52},"end":{"line":97,"column":96}},{"start":{"line":97,"column":99},"end":{"line":97,"column":181}}],"line":97},"6":{"loc":{"start":{"line":97,"column":128},"end":{"line":97,"column":177}},"type":"cond-expr","locations":[{"start":{"line":97,"column":143},"end":{"line":97,"column":159}},{"start":{"line":97,"column":162},"end":{"line":97,"column":177}}],"line":97},"7":{"loc":{"start":{"line":101,"column":33},"end":{"line":113,"column":33}},"type":"cond-expr","locations":[{"start":{"line":102,"column":36},"end":{"line":105,"column":42}},{"start":{"line":107,"column":36},"end":{"line":112,"column":42}}],"line":101},"8":{"loc":{"start":{"line":109,"column":45},"end":{"line":109,"column":101}},"type":"cond-expr","locations":[{"start":{"line":109,"column":60},"end":{"line":109,"column":77}},{"start":{"line":109,"column":80},"end":{"line":109,"column":101}}],"line":109},"9":{"loc":{"start":{"line":118,"column":25},"end":{"line":135,"column":25}},"type":"binary-expr","locations":[{"start":{"line":118,"column":25},"end":{"line":118,"column":41}},{"start":{"line":118,"column":45},"end":{"line":118,"column":53}},{"start":{"line":119,"column":28},"end":{"line":134,"column":34}}],"line":118},"10":{"loc":{"start":{"line":139,"column":29},"end":{"line":160,"column":29}},"type":"binary-expr","locations":[{"start":{"line":139,"column":29},"end":{"line":139,"column":36}},{"start":{"line":140,"column":32},"end":{"line":159,"column":45}}],"line":139},"11":{"loc":{"start":{"line":164,"column":25},"end":{"line":173,"column":25}},"type":"binary-expr","locations":[{"start":{"line":164,"column":25},"end":{"line":164,"column":33}},{"start":{"line":164,"column":37},"end":{"line":164,"column":53}},{"start":{"line":165,"column":28},"end":{"line":172,"column":44}}],"line":164},"12":{"loc":{"start":{"line":179,"column":25},"end":{"line":191,"column":25}},"type":"binary-expr","locations":[{"start":{"line":179,"column":25},"end":{"line":179,"column":42}},{"start":{"line":180,"column":28},"end":{"line":190,"column":41}}],"line":179}},"s":{"0":0,"1":0,"2":0,"3":0,"4":0,"5":0,"6":0,"7":0,"8":0,"9":0,"10":0,"11":0,"12":0,"13":0,"14":0,"15":0,"16":0,"17":0,"18":0,"19":0,"20":0,"21":0,"22":0,"23":0,"24":0,"25":0,"26":0,"27":0,"28":0,"29":0,"30":0,"31":0,"32":0,"33":0,"34":0,"35":0,"36":0,"37":0,"38":0,"39":0,"40":0},"f":{"0":0,"1":0,"2":0,"3":0,"4":0,"5":0,"6":0,"7":0,"8":0,"9":0,"10":0},"b":{"0":[0,0],"1":[0,0],"2":[0,0],"3":[0,0],"4":[0,0],"5":[0,0],"6":[0,0],"7":[0,0],"8":[0,0],"9":[0,0,0],"10":[0,0],"11":[0,0,0],"12":[0,0]}}
,"C:\\Users\\USER\\Documents\\chatgpt_gemini_project\\gemini_version\\advanced-file-system\\client\\src\\components\\Navbar.jsx": {"path":"C:\\Users\\USER\\Documents\\chatgpt_gemini_project\\gemini_version\\advanced-file-system\\client\\src\\components\\Navbar.jsx","statementMap":{},"fnMap":{},"branchMap":{},"s":{},"f":{},"b":{}}
,"C:\\Users\\USER\\Documents\\chatgpt_gemini_project\\gemini_version\\advanced-file-system\\client\\src\\components\\ProtectedRoute.jsx": {"path":"C:\\Users\\USER\\Documents\\chatgpt_gemini_project\\gemini_version\\advanced-file-system\\client\\src\\components\\ProtectedRoute.jsx","statementMap":{"0":{"start":{"line":6,"column":23},"end":{"line":21,"column":1}},"1":{"start":{"line":7,"column":30},"end":{"line":7,"column":53}},"2":{"start":{"line":10,"column":4},"end":{"line":12,"column":5}},"3":{"start":{"line":11,"column":8},"end":{"line":11,"column":88}},"4":{"start":{"line":15,"column":4},"end":{"line":17,"column":5}},"5":{"start":{"line":16,"column":8},"end":{"line":16,"column":48}},"6":{"start":{"line":20,"column":4},"end":{"line":20,"column":20}}},"fnMap":{"0":{"name":"(anonymous_0)","decl":{"start":{"line":6,"column":23},"end":{"line":6,"column":24}},"loc":{"start":{"line":6,"column":41},"end":{"line":21,"column":1}},"line":6}},"branchMap":{"0":{"loc":{"start":{"line":10,"column":4},"end":{"line":12,"column":5}},"type":"if","locations":[{"start":{"line":10,"column":4},"end":{"line":12,"column":5}},{"start":{},"end":{}}],"line":10},"1":{"loc":{"start":{"line":15,"column":4},"end":{"line":17,"column":5}},"type":"if","locations":[{"start":{"line":15,"column":4},"end":{"line":17,"column":5}},{"start":{},"end":{}}],"line":15}},"s":{"0":0,"1":0,"2":0,"3":0,"4":0,"5":0,"6":0},"f":{"0":0},"b":{"0":[0,0],"1":[0,0]}}
,"C:\\Users\\USER\\Documents\\chatgpt_gemini_project\\gemini_version\\advanced-file-system\\client\\src\\context\\AuthContext.js": {"path":"C:\\Users\\USER\\Documents\\chatgpt_gemini_project\\gemini_version\\advanced-file-system\\client\\src\\context\\AuthContext.js","statementMap":{"0":{"start":{"line":4,"column":27},"end":{"line":4,"column":42}},"1":{"start":{"line":6,"column":28},"end":{"line":90,"column":1}},"2":{"start":{"line":8,"column":30},"end":{"line":8,"column":83}},"3":{"start":{"line":8,"column":45},"end":{"line":8,"column":82}},"4":{"start":{"line":10,"column":28},"end":{"line":13,"column":6}},"5":{"start":{"line":11,"column":26},"end":{"line":11,"column":54}},"6":{"start":{"line":12,"column":8},"end":{"line":12,"column":56}},"7":{"start":{"line":15,"column":34},"end":{"line":15,"column":49}},"8":{"start":{"line":18,"column":21},"end":{"line":29,"column":5}},"9":{"start":{"line":19,"column":8},"end":{"line":19,"column":27}},"10":{"start":{"line":19,"column":20},"end":{"line":19,"column":27}},"11":{"start":{"line":20,"column":8},"end":{"line":28,"column":9}},"12":{"start":{"line":21,"column":24},"end":{"line":23,"column":14}},"13":{"start":{"line":24,"column":12},"end":{"line":24,"column":35}},"14":{"start":{"line":25,"column":12},"end":{"line":25,"column":72}},"15":{"start":{"line":27,"column":12},"end":{"line":27,"column":56}},"16":{"start":{"line":31,"column":4},"end":{"line":33,"column":16}},"17":{"start":{"line":32,"column":8},"end":{"line":32,"column":30}},"18":{"start":{"line":32,"column":19},"end":{"line":32,"column":30}},"19":{"start":{"line":35,"column":18},"end":{"line":49,"column":5}},"20":{"start":{"line":36,"column":8},"end":{"line":48,"column":9}},"21":{"start":{"line":37,"column":24},"end":{"line":37,"column":101}},"22":{"start":{"line":39,"column":12},"end":{"line":39,"column":37}},"23":{"start":{"line":40,"column":12},"end":{"line":40,"column":35}},"24":{"start":{"line":42,"column":12},"end":{"line":42,"column":58}},"25":{"start":{"line":43,"column":12},"end":{"line":43,"column":72}},"26":{"start":{"line":45,"column":12},"end":{"line":45,"column":37}},"27":{"start":{"line":47,"column":12},"end":{"line":47,"column":94}},"28":{"start":{"line":52,"column":23},"end":{"line":76,"column":5}},"29":{"start":{"line":53,"column":8},"end":{"line":75,"column":9}},"30":{"start":{"line":54,"column":12},"end":{"line":54,"column":77}},"31":{"start":{"line":56,"column":24},"end":{"line":59,"column":13}},"32":{"start":{"line":62,"column":12},"end":{"line":62,"column":57}},"33":{"start":{"line":65,"column":32},"end":{"line":65,"column":45}},"34":{"start":{"line":66,"column":12},"end":{"line":66,"column":33}},"35":{"start":{"line":69,"column":12},"end":{"line":69,"column":70}},"36":{"start":{"line":71,"column":12},"end":{"line":71,"column":37}},"37":{"start":{"line":73,"column":12},"end":{"line":73,"column":59}},"38":{"start":{"line":74,"column":12},"end":{"line":74,"column":93}},"39":{"start":{"line":78,"column":19},"end":{"line":83,"column":5}},"40":{"start":{"line":79,"column":8},"end":{"line":79,"column":22}},"41":{"start":{"line":80,"column":8},"end":{"line":80,"column":23}},"42":{"start":{"line":81,"column":8},"end":{"line":81,"column":41}},"43":{"start":{"line":82,"column":8},"end":{"line":82,"column":40}},"44":{"start":{"line":85,"column":4},"end":{"line":89,"column":6}}},"fnMap":{"0":{"name":"(anonymous_0)","decl":{"start":{"line":6,"column":28},"end":{"line":6,"column":29}},"loc":{"start":{"line":6,"column":46},"end":{"line":90,"column":1}},"line":6},"1":{"name":"(anonymous_1)","decl":{"start":{"line":8,"column":39},"end":{"line":8,"column":40}},"loc":{"start":{"line":8,"column":45},"end":{"line":8,"column":82}},"line":8},"2":{"name":"(anonymous_2)","decl":{"start":{"line":10,"column":37},"end":{"line":10,"column":38}},"loc":{"start":{"line":10,"column":43},"end":{"line":13,"column":5}},"line":10},"3":{"name":"(anonymous_3)","decl":{"start":{"line":18,"column":21},"end":{"line":18,"column":22}},"loc":{"start":{"line":18,"column":33},"end":{"line":29,"column":5}},"line":18},"4":{"name":"(anonymous_4)","decl":{"start":{"line":31,"column":14},"end":{"line":31,"column":15}},"loc":{"start":{"line":31,"column":20},"end":{"line":33,"column":5}},"line":31},"5":{"name":"(anonymous_5)","decl":{"start":{"line":35,"column":18},"end":{"line":35,"column":19}},"loc":{"start":{"line":35,"column":45},"end":{"line":49,"column":5}},"line":35},"6":{"name":"(anonymous_6)","decl":{"start":{"line":52,"column":23},"end":{"line":52,"column":24}},"loc":{"start":{"line":52,"column":49},"end":{"line":76,"column":5}},"line":52},"7":{"name":"(anonymous_7)","decl":{"start":{"line":78,"column":19},"end":{"line":78,"column":20}},"loc":{"start":{"line":78,"column":25},"end":{"line":83,"column":5}},"line":78}},"branchMap":{"0":{"loc":{"start":{"line":8,"column":45},"end":{"line":8,"column":82}},"type":"binary-expr","locations":[{"start":{"line":8,"column":45},"end":{"line":8,"column":74}},{"start":{"line":8,"column":78},"end":{"line":8,"column":82}}],"line":8},"1":{"loc":{"start":{"line":12,"column":15},"end":{"line":12,"column":55}},"type":"cond-expr","locations":[{"start":{"line":12,"column":27},"end":{"line":12,"column":48}},{"start":{"line":12,"column":51},"end":{"line":12,"column":55}}],"line":12},"2":{"loc":{"start":{"line":19,"column":8},"end":{"line":19,"column":27}},"type":"if","locations":[{"start":{"line":19,"column":8},"end":{"line":19,"column":27}},{"start":{},"end":{}}],"line":19},"3":{"loc":{"start":{"line":32,"column":8},"end":{"line":32,"column":30}},"type":"if","locations":[{"start":{"line":32,"column":8},"end":{"line":32,"column":30}},{"start":{},"end":{}}],"line":32},"4":{"loc":{"start":{"line":47,"column":44},"end":{"line":47,"column":91}},"type":"binary-expr","locations":[{"start":{"line":47,"column":44},"end":{"line":47,"column":73}},{"start":{"line":47,"column":77},"end":{"line":47,"column":91}}],"line":47},"5":{"loc":{"start":{"line":74,"column":44},"end":{"line":74,"column":90}},"type":"binary-expr","locations":[{"start":{"line":74,"column":44},"end":{"line":74,"column":71}},{"start":{"line":74,"column":75},"end":{"line":74,"column":90}}],"line":74}},"s":{"0":0,"1":0,"2":0,"3":0,"4":0,"5":0,"6":0,"7":0,"8":0,"9":0,"10":0,"11":0,"12":0,"13":0,"14":0,"15":0,"16":0,"17":0,"18":0,"19":0,"20":0,"21":0,"22":0,"23":0,"24":0,"25":0,"26":0,"27":0,"28":0,"29":0,"30":0,"31":0,"32":0,"33":0,"34":0,"35":0,"36":0,"37":0,"38":0,"39":0,"40":0,"41":0,"42":0,"43":0,"44":0},"f":{"0":0,"1":0,"2":0,"3":0,"4":0,"5":0,"6":0,"7":0},"b":{"0":[0,0],"1":[0,0],"2":[0,0],"3":[0,0],"4":[0,0],"5":[0,0]}}
,"C:\\Users\\USER\\Documents\\chatgpt_gemini_project\\gemini_version\\advanced-file-system\\client\\src\\pages\\About.jsx": {"path":"C:\\Users\\USER\\Documents\\chatgpt_gemini_project\\gemini_version\\advanced-file-system\\client\\src\\pages\\About.jsx","statementMap":{"0":{"start":{"line":5,"column":14},"end":{"line":68,"column":1}},"1":{"start":{"line":6,"column":4},"end":{"line":67,"column":6}},"2":{"start":{"line":71,"column":20},"end":{"line":77,"column":1}},"3":{"start":{"line":72,"column":4},"end":{"line":76,"column":10}}},"fnMap":{"0":{"name":"(anonymous_0)","decl":{"start":{"line":5,"column":14},"end":{"line":5,"column":15}},"loc":{"start":{"line":5,"column":20},"end":{"line":68,"column":1}},"line":5},"1":{"name":"(anonymous_1)","decl":{"start":{"line":71,"column":20},"end":{"line":71,"column":21}},"loc":{"start":{"line":72,"column":4},"end":{"line":76,"column":10}},"line":72}},"branchMap":{},"s":{"0":0,"1":0,"2":0,"3":0},"f":{"0":0,"1":0},"b":{}}
,"C:\\Users\\USER\\Documents\\chatgpt_gemini_project\\gemini_version\\advanced-file-system\\client\\src\\pages\\Dashboard.jsx": {"path":"C:\\Users\\USER\\Documents\\chatgpt_gemini_project\\gemini_version\\advanced-file-system\\client\\src\\pages\\Dashboard.jsx","statementMap":{"0":{"start":{"line":9,"column":18},"end":{"line":68,"column":1}},"1":{"start":{"line":10,"column":29},"end":{"line":10,"column":52}},"2":{"start":{"line":11,"column":40},"end":{"line":11,"column":51}},"3":{"start":{"line":13,"column":32},"end":{"line":15,"column":5}},"4":{"start":{"line":14,"column":8},"end":{"line":14,"column":40}},"5":{"start":{"line":14,"column":30},"end":{"line":14,"column":38}},"6":{"start":{"line":17,"column":4},"end":{"line":67,"column":6}}},"fnMap":{"0":{"name":"(anonymous_0)","decl":{"start":{"line":9,"column":18},"end":{"line":9,"column":19}},"loc":{"start":{"line":9,"column":24},"end":{"line":68,"column":1}},"line":9},"1":{"name":"(anonymous_1)","decl":{"start":{"line":13,"column":32},"end":{"line":13,"column":33}},"loc":{"start":{"line":13,"column":38},"end":{"line":15,"column":5}},"line":13},"2":{"name":"(anonymous_2)","decl":{"start":{"line":14,"column":22},"end":{"line":14,"column":23}},"loc":{"start":{"line":14,"column":30},"end":{"line":14,"column":38}},"line":14}},"branchMap":{"0":{"loc":{"start":{"line":45,"column":29},"end":{"line":51,"column":84}},"type":"cond-expr","locations":[{"start":{"line":46,"column":32},"end":{"line":50,"column":34}},{"start":{"line":51,"column":32},"end":{"line":51,"column":84}}],"line":45}},"s":{"0":0,"1":0,"2":0,"3":0,"4":0,"5":0,"6":0},"f":{"0":0,"1":0,"2":0},"b":{"0":[0,0]}}
,"C:\\Users\\USER\\Documents\\chatgpt_gemini_project\\gemini_version\\advanced-file-system\\client\\src\\pages\\Login.jsx": {"path":"C:\\Users\\USER\\Documents\\chatgpt_gemini_project\\gemini_version\\advanced-file-system\\client\\src\\pages\\Login.jsx","statementMap":{"0":{"start":{"line":6,"column":14},"end":{"line":69,"column":1}},"1":{"start":{"line":7,"column":36},"end":{"line":7,"column":73}},"2":{"start":{"line":8,"column":30},"end":{"line":8,"column":42}},"3":{"start":{"line":11,"column":22},"end":{"line":11,"column":45}},"4":{"start":{"line":12,"column":21},"end":{"line":12,"column":34}},"5":{"start":{"line":14,"column":32},"end":{"line":14,"column":40}},"6":{"start":{"line":16,"column":21},"end":{"line":16,"column":87}},"7":{"start":{"line":16,"column":26},"end":{"line":16,"column":87}},"8":{"start":{"line":18,"column":21},"end":{"line":29,"column":5}},"9":{"start":{"line":19,"column":8},"end":{"line":19,"column":27}},"10":{"start":{"line":22,"column":23},"end":{"line":22,"column":51}},"11":{"start":{"line":24,"column":8},"end":{"line":28,"column":9}},"12":{"start":{"line":25,"column":12},"end":{"line":25,"column":26}},"13":{"start":{"line":27,"column":12},"end":{"line":27,"column":35}},"14":{"start":{"line":31,"column":4},"end":{"line":68,"column":6}}},"fnMap":{"0":{"name":"(anonymous_0)","decl":{"start":{"line":6,"column":14},"end":{"line":6,"column":15}},"loc":{"start":{"line":6,"column":20},"end":{"line":69,"column":1}},"line":6},"1":{"name":"(anonymous_1)","decl":{"start":{"line":16,"column":21},"end":{"line":16,"column":22}},"loc":{"start":{"line":16,"column":26},"end":{"line":16,"column":87}},"line":16},"2":{"name":"(anonymous_2)","decl":{"start":{"line":18,"column":21},"end":{"line":18,"column":22}},"loc":{"start":{"line":18,"column":32},"end":{"line":29,"column":5}},"line":18}},"branchMap":{"0":{"loc":{"start":{"line":24,"column":8},"end":{"line":28,"column":9}},"type":"if","locations":[{"start":{"line":24,"column":8},"end":{"line":28,"column":9}},{"start":{"line":26,"column":15},"end":{"line":28,"column":9}}],"line":24},"1":{"loc":{"start":{"line":41,"column":17},"end":{"line":41,"column":145}},"type":"binary-expr","locations":[{"start":{"line":41,"column":17},"end":{"line":41,"column":22}},{"start":{"line":41,"column":26},"end":{"line":41,"column":145}}],"line":41}},"s":{"0":0,"1":0,"2":0,"3":0,"4":0,"5":0,"6":0,"7":0,"8":0,"9":0,"10":0,"11":0,"12":0,"13":0,"14":0},"f":{"0":0,"1":0,"2":0},"b":{"0":[0,0],"1":[0,0]}}
,"C:\\Users\\USER\\Documents\\chatgpt_gemini_project\\gemini_version\\advanced-file-system\\client\\src\\pages\\Profile.jsx": {"path":"C:\\Users\\USER\\Documents\\chatgpt_gemini_project\\gemini_version\\advanced-file-system\\client\\src\\pages\\Profile.jsx","statementMap":{"0":{"start":{"line":7,"column":16},"end":{"line":142,"column":1}},"1":{"start":{"line":8,"column":40},"end":{"line":8,"column":63}},"2":{"start":{"line":9,"column":28},"end":{"line":9,"column":54}},"3":{"start":{"line":10,"column":42},"end":{"line":10,"column":57}},"4":{"start":{"line":11,"column":34},"end":{"line":11,"column":48}},"5":{"start":{"line":14,"column":25},"end":{"line":14,"column":37}},"6":{"start":{"line":15,"column":21},"end":{"line":15,"column":34}},"7":{"start":{"line":18,"column":31},"end":{"line":48,"column":5}},"8":{"start":{"line":19,"column":21},"end":{"line":19,"column":38}},"9":{"start":{"line":20,"column":8},"end":{"line":20,"column":26}},"10":{"start":{"line":20,"column":19},"end":{"line":20,"column":26}},"11":{"start":{"line":23,"column":25},"end":{"line":23,"column":39}},"12":{"start":{"line":24,"column":8},"end":{"line":24,"column":39}},"13":{"start":{"line":26,"column":8},"end":{"line":47,"column":9}},"14":{"start":{"line":27,"column":12},"end":{"line":27,"column":33}},"15":{"start":{"line":28,"column":12},"end":{"line":28,"column":69}},"16":{"start":{"line":31,"column":24},"end":{"line":31,"column":58}},"17":{"start":{"line":32,"column":35},"end":{"line":32,"column":56}},"18":{"start":{"line":35,"column":30},"end":{"line":35,"column":68}},"19":{"start":{"line":37,"column":12},"end":{"line":41,"column":13}},"20":{"start":{"line":38,"column":16},"end":{"line":38,"column":86}},"21":{"start":{"line":40,"column":16},"end":{"line":40,"column":81}},"22":{"start":{"line":43,"column":12},"end":{"line":43,"column":33}},"23":{"start":{"line":44,"column":12},"end":{"line":44,"column":66}},"24":{"start":{"line":46,"column":12},"end":{"line":46,"column":34}},"25":{"start":{"line":51,"column":30},"end":{"line":60,"column":5}},"26":{"start":{"line":52,"column":8},"end":{"line":52,"column":27}},"27":{"start":{"line":53,"column":20},"end":{"line":53,"column":55}},"28":{"start":{"line":54,"column":8},"end":{"line":59,"column":9}},"29":{"start":{"line":55,"column":12},"end":{"line":55,"column":68}},"30":{"start":{"line":56,"column":12},"end":{"line":56,"column":50}},"31":{"start":{"line":56,"column":29},"end":{"line":56,"column":42}},"32":{"start":{"line":58,"column":12},"end":{"line":58,"column":59}},"33":{"start":{"line":63,"column":22},"end":{"line":65,"column":14}},"34":{"start":{"line":67,"column":4},"end":{"line":141,"column":6}},"35":{"start":{"line":94,"column":43},"end":{"line":94,"column":71}},"36":{"start":{"line":120,"column":45},"end":{"line":120,"column":68}}},"fnMap":{"0":{"name":"(anonymous_0)","decl":{"start":{"line":7,"column":16},"end":{"line":7,"column":17}},"loc":{"start":{"line":7,"column":22},"end":{"line":142,"column":1}},"line":7},"1":{"name":"(anonymous_1)","decl":{"start":{"line":18,"column":31},"end":{"line":18,"column":32}},"loc":{"start":{"line":18,"column":44},"end":{"line":48,"column":5}},"line":18},"2":{"name":"(anonymous_2)","decl":{"start":{"line":51,"column":30},"end":{"line":51,"column":31}},"loc":{"start":{"line":51,"column":43},"end":{"line":60,"column":5}},"line":51},"3":{"name":"(anonymous_3)","decl":{"start":{"line":56,"column":23},"end":{"line":56,"column":24}},"loc":{"start":{"line":56,"column":29},"end":{"line":56,"column":42}},"line":56},"4":{"name":"(anonymous_4)","decl":{"start":{"line":94,"column":37},"end":{"line":94,"column":38}},"loc":{"start":{"line":94,"column":43},"end":{"line":94,"column":71}},"line":94},"5":{"name":"(anonymous_5)","decl":{"start":{"line":120,"column":38},"end":{"line":120,"column":39}},"loc":{"start":{"line":120,"column":45},"end":{"line":120,"column":68}},"line":120}},"branchMap":{"0":{"loc":{"start":{"line":9,"column":37},"end":{"line":9,"column":53}},"type":"binary-expr","locations":[{"start":{"line":9,"column":37},"end":{"line":9,"column":47}},{"start":{"line":9,"column":51},"end":{"line":9,"column":53}}],"line":9},"1":{"loc":{"start":{"line":20,"column":8},"end":{"line":20,"column":26}},"type":"if","locations":[{"start":{"line":20,"column":8},"end":{"line":20,"column":26}},{"start":{},"end":{}}],"line":20},"2":{"loc":{"start":{"line":37,"column":12},"end":{"line":41,"column":13}},"type":"if","locations":[{"start":{"line":37,"column":12},"end":{"line":41,"column":13}},{"start":{"line":39,"column":19},"end":{"line":41,"column":13}}],"line":37},"3":{"loc":{"start":{"line":54,"column":8},"end":{"line":59,"column":9}},"type":"if","locations":[{"start":{"line":54,"column":8},"end":{"line":59,"column":9}},{"start":{"line":57,"column":15},"end":{"line":59,"column":9}}],"line":54},"4":{"loc":{"start":{"line":63,"column":22},"end":{"line":65,"column":14}},"type":"cond-expr","locations":[{"start":{"line":64,"column":10},"end":{"line":64,"column":58}},{"start":{"line":65,"column":10},"end":{"line":65,"column":14}}],"line":63},"5":{"loc":{"start":{"line":85,"column":29},"end":{"line":89,"column":29}},"type":"cond-expr","locations":[{"start":{"line":86,"column":32},"end":{"line":86,"column":107}},{"start":{"line":88,"column":32},"end":{"line":88,"column":89}}],"line":85},"6":{"loc":{"start":{"line":125,"column":21},"end":{"line":129,"column":21}},"type":"binary-expr","locations":[{"start":{"line":125,"column":21},"end":{"line":125,"column":28}},{"start":{"line":126,"column":24},"end":{"line":128,"column":30}}],"line":125},"7":{"loc":{"start":{"line":126,"column":75},"end":{"line":126,"column":165}},"type":"cond-expr","locations":[{"start":{"line":126,"column":102},"end":{"line":126,"column":130}},{"start":{"line":126,"column":133},"end":{"line":126,"column":165}}],"line":126},"8":{"loc":{"start":{"line":136,"column":25},"end":{"line":136,"column":84}},"type":"cond-expr","locations":[{"start":{"line":136,"column":39},"end":{"line":136,"column":53}},{"start":{"line":136,"column":56},"end":{"line":136,"column":84}}],"line":136}},"s":{"0":0,"1":0,"2":0,"3":0,"4":0,"5":0,"6":0,"7":0,"8":0,"9":0,"10":0,"11":0,"12":0,"13":0,"14":0,"15":0,"16":0,"17":0,"18":0,"19":0,"20":0,"21":0,"22":0,"23":0,"24":0,"25":0,"26":0,"27":0,"28":0,"29":0,"30":0,"31":0,"32":0,"33":0,"34":0,"35":0,"36":0},"f":{"0":0,"1":0,"2":0,"3":0,"4":0,"5":0},"b":{"0":[0,0],"1":[0,0],"2":[0,0],"3":[0,0],"4":[0,0],"5":[0,0],"6":[0,0],"7":[0,0],"8":[0,0]}}
,"C:\\Users\\USER\\Documents\\chatgpt_gemini_project\\gemini_version\\advanced-file-system\\client\\src\\pages\\Register.jsx": {"path":"C:\\Users\\USER\\Documents\\chatgpt_gemini_project\\gemini_version\\advanced-file-system\\client\\src\\pages\\Register.jsx","statementMap":{"0":{"start":{"line":6,"column":17},"end":{"line":80,"column":1}},"1":{"start":{"line":7,"column":36},"end":{"line":11,"column":6}},"2":{"start":{"line":12,"column":30},"end":{"line":12,"column":42}},"3":{"start":{"line":13,"column":21},"end":{"line":13,"column":34}},"4":{"start":{"line":15,"column":38},"end":{"line":15,"column":46}},"5":{"start":{"line":17,"column":21},"end":{"line":17,"column":87}},"6":{"start":{"line":17,"column":26},"end":{"line":17,"column":87}},"7":{"start":{"line":19,"column":21},"end":{"line":30,"column":5}},"8":{"start":{"line":20,"column":8},"end":{"line":20,"column":27}},"9":{"start":{"line":21,"column":8},"end":{"line":29,"column":9}},"10":{"start":{"line":23,"column":12},"end":{"line":23,"column":82}},"11":{"start":{"line":25,"column":12},"end":{"line":25,"column":31}},"12":{"start":{"line":28,"column":12},"end":{"line":28,"column":73}},"13":{"start":{"line":32,"column":4},"end":{"line":79,"column":6}}},"fnMap":{"0":{"name":"(anonymous_0)","decl":{"start":{"line":6,"column":17},"end":{"line":6,"column":18}},"loc":{"start":{"line":6,"column":23},"end":{"line":80,"column":1}},"line":6},"1":{"name":"(anonymous_1)","decl":{"start":{"line":17,"column":21},"end":{"line":17,"column":22}},"loc":{"start":{"line":17,"column":26},"end":{"line":17,"column":87}},"line":17},"2":{"name":"(anonymous_2)","decl":{"start":{"line":19,"column":21},"end":{"line":19,"column":22}},"loc":{"start":{"line":19,"column":32},"end":{"line":30,"column":5}},"line":19}},"branchMap":{"0":{"loc":{"start":{"line":28,"column":21},"end":{"line":28,"column":71}},"type":"binary-expr","locations":[{"start":{"line":28,"column":21},"end":{"line":28,"column":46}},{"start":{"line":28,"column":50},"end":{"line":28,"column":71}}],"line":28},"1":{"loc":{"start":{"line":42,"column":17},"end":{"line":42,"column":145}},"type":"binary-expr","locations":[{"start":{"line":42,"column":17},"end":{"line":42,"column":22}},{"start":{"line":42,"column":26},"end":{"line":42,"column":145}}],"line":42}},"s":{"0":0,"1":0,"2":0,"3":0,"4":0,"5":0,"6":0,"7":0,"8":0,"9":0,"10":0,"11":0,"12":0,"13":0},"f":{"0":0,"1":0,"2":0},"b":{"0":[0,0],"1":[0,0]}}
,"C:\\Users\\USER\\Documents\\chatgpt_gemini_project\\gemini_version\\advanced-file-system\\client\\src\\services\\api.js": {"path":"C:\\Users\\USER\\Documents\\chatgpt_gemini_project\\gemini_version\\advanced-file-system\\client\\src\\services\\api.js","statementMap":{"0":{"start":{"line":4,"column":16},"end":{"line":4,"column":43}},"1":{"start":{"line":6,"column":12},"end":{"line":11,"column":2}},"2":{"start":{"line":15,"column":0},"end":{"line":24,"column":2}},"3":{"start":{"line":17,"column":22},"end":{"line":17,"column":51}},"4":{"start":{"line":18,"column":8},"end":{"line":20,"column":9}},"5":{"start":{"line":19,"column":12},"end":{"line":19,"column":61}},"6":{"start":{"line":21,"column":8},"end":{"line":21,"column":22}},"7":{"start":{"line":23,"column":15},"end":{"line":23,"column":36}}},"fnMap":{"0":{"name":"(anonymous_0)","decl":{"start":{"line":16,"column":4},"end":{"line":16,"column":5}},"loc":{"start":{"line":16,"column":16},"end":{"line":22,"column":5}},"line":16},"1":{"name":"(anonymous_1)","decl":{"start":{"line":23,"column":4},"end":{"line":23,"column":5}},"loc":{"start":{"line":23,"column":15},"end":{"line":23,"column":36}},"line":23}},"branchMap":{"0":{"loc":{"start":{"line":18,"column":8},"end":{"line":20,"column":9}},"type":"if","locations":[{"start":{"line":18,"column":8},"end":{"line":20,"column":9}},{"start":{},"end":{}}],"line":18}},"s":{"0":0,"1":0,"2":0,"3":0,"4":0,"5":0,"6":0,"7":0},"f":{"0":0,"1":0},"b":{"0":[0,0]}}
,"C:\\Users\\USER\\Documents\\chatgpt_gemini_project\\gemini_version\\advanced-file-system\\client\\src\\utils\\formatBytes.js": {"path":"C:\\Users\\USER\\Documents\\chatgpt_gemini_project\\gemini_version\\advanced-file-system\\client\\src\\utils\\formatBytes.js","statementMap":{},"fnMap":{},"branchMap":{},"s":{},"f":{},"b":{}}
}
